Base path: C:/Program Files (x86)/Unity/Editor/Data
Pipe name: \\.\pipe\UnityShaderCompiler-32bit-3-8660
Cmd: getPlatforms
Cmd: compileSnippet
  api=9 type=0 insize=982 outsize=8436 kw=DIRECTIONAL SHADOWS_SCREEN SHADOWS_NATIVE LIGHTMAP_OFF DIRLIGHTMAP_OFF DYNAMICLIGHTMAP_OFF _DETAIL_MULX2 ok=1
Cmd: compileSnippet
  api=9 type=0 insize=982 outsize=11770 kw=DIRECTIONAL SHADOWS_SCREEN SHADOWS_NATIVE LIGHTMAP_OFF DIRLIGHTMAP_OFF DYNAMICLIGHTMAP_OFF _PARALLAXMAP _DETAIL_MULX2 ok=1
Cmd: compileSnippet
  api=9 type=0 insize=982 outsize=9268 kw=DIRECTIONAL SHADOWS_OFF LIGHTMAP_OFF DIRLIGHTMAP_OFF DYNAMICLIGHTMAP_OFF VERTEXLIGHT_ON _DETAIL_MULX2 _EMISSION ok=1
Cmd: compileSnippet
  api=9 type=0 insize=982 outsize=12606 kw=DIRECTIONAL SHADOWS_OFF LIGHTMAP_OFF DIRLIGHTMAP_OFF DYNAMICLIGHTMAP_OFF VERTEXLIGHT_ON _PARALLAXMAP _DETAIL_MULX2 _EMISSION ok=1
Cmd: compileSnippet
  api=9 type=1 insize=982 outsize=7 kw=DIRECTIONAL SHADOWS_SCREEN SHADOWS_NATIVE LIGHTMAP_OFF DIRLIGHTMAP_OFF DYNAMICLIGHTMAP_OFF _PARALLAXMAP _DETAIL_MULX2 ok=1
Cmd: compileSnippet
  api=9 type=1 insize=982 outsize=7 kw=DIRECTIONAL SHADOWS_SCREEN SHADOWS_NATIVE LIGHTMAP_OFF DIRLIGHTMAP_OFF DYNAMICLIGHTMAP_OFF _PARALLAXMAP _DETAIL_MULX2 _EMISSION ok=1
Cmd: compileSnippet
  api=9 type=0 insize=938 outsize=6538 kw=DIRECTIONAL SHADOWS_OFF _DETAIL_MULX2 ok=1
Cmd: compileSnippet
  api=9 type=0 insize=938 outsize=7061 kw=DIRECTIONAL_COOKIE SHADOWS_OFF _DETAIL_MULX2 ok=1
Cmd: compileSnippet
  api=9 type=0 insize=938 outsize=9095 kw=SPOT SHADOWS_DEPTH SHADOWS_SOFT SHADOWS_NATIVE _DETAIL_MULX2 ok=1
Cmd: compileSnippet
  api=9 type=0 insize=938 outsize=7752 kw=DIRECTIONAL_COOKIE SHADOWS_SCREEN SHADOWS_NATIVE _DETAIL_MULX2 ok=1
Cmd: compileSnippet
  api=9 type=0 insize=938 outsize=9118 kw=POINT_COOKIE SHADOWS_OFF _PARALLAXMAP _DETAIL_MULX2 ok=1
Cmd: compileSnippet
  api=9 type=0 insize=938 outsize=10020 kw=POINT_COOKIE SHADOWS_CUBE _PARALLAXMAP _DETAIL_MULX2 ok=1
Cmd: compileSnippet
  api=9 type=0 insize=938 outsize=9024 kw=DIRECTIONAL SHADOWS_SCREEN SHADOWS_NATIVE _PARALLAXMAP _DETAIL_MULX2 ok=1
Cmd: compileSnippet
  api=9 type=1 insize=938 outsize=7 kw=SPOT SHADOWS_OFF _DETAIL_MULX2 ok=1
Cmd: compileSnippet
  api=9 type=1 insize=938 outsize=7 kw=POINT SHADOWS_CUBE _DETAIL_MULX2 ok=1
Cmd: compileSnippet
  api=9 type=1 insize=938 outsize=7 kw=POINT_COOKIE SHADOWS_CUBE SHADOWS_SOFT _DETAIL_MULX2 ok=1
Cmd: compileSnippet
  api=9 type=1 insize=938 outsize=7 kw=SPOT SHADOWS_OFF _PARALLAXMAP _DETAIL_MULX2 ok=1
Cmd: compileSnippet
  api=9 type=1 insize=938 outsize=7 kw=POINT SHADOWS_CUBE _PARALLAXMAP _DETAIL_MULX2 ok=1
Cmd: compileSnippet
  api=9 type=1 insize=938 outsize=7 kw=POINT_COOKIE SHADOWS_CUBE SHADOWS_SOFT _PARALLAXMAP _DETAIL_MULX2 ok=1
Cmd: compileSnippet
  api=9 type=0 insize=1152 outsize=6931 kw=LIGHTMAP_OFF DIRLIGHTMAP_OFF DYNAMICLIGHTMAP_OFF _DETAIL_MULX2 ok=1
Cmd: compileSnippet
  api=9 type=0 insize=1152 outsize=6922 kw=LIGHTMAP_OFF DIRLIGHTMAP_OFF DYNAMICLIGHTMAP_OFF UNITY_HDR_ON _DETAIL_MULX2 ok=1
Cmd: compileSnippet
  api=9 type=1 insize=1152 outsize=7 kw=LIGHTMAP_OFF DIRLIGHTMAP_OFF DYNAMICLIGHTMAP_OFF _DETAIL_MULX2 ok=1
Cmd: compileSnippet
  api=9 type=1 insize=1152 outsize=7 kw=LIGHTMAP_OFF DIRLIGHTMAP_OFF DYNAMICLIGHTMAP_OFF UNITY_HDR_ON _DETAIL_MULX2 _EMISSION ok=1
Cmd: compileSnippet
  api=5 type=0 insize=886 outsize=7574 kw=DIRECTIONAL SHADOWS_SCREEN LIGHTMAP_OFF DIRLIGHTMAP_OFF DYNAMICLIGHTMAP_OFF _DETAIL_MULX2 ok=1
Cmd: compileSnippet
  api=9 type=0 insize=886 outsize=8205 kw=DIRECTIONAL SHADOWS_OFF LIGHTMAP_OFF DIRLIGHTMAP_OFF DYNAMICLIGHTMAP_OFF VERTEXLIGHT_ON _DETAIL_MULX2 ok=1
Cmd: compileSnippet
  api=5 type=0 insize=886 outsize=8986 kw=DIRECTIONAL SHADOWS_SCREEN SHADOWS_NATIVE LIGHTMAP_OFF DIRLIGHTMAP_OFF DYNAMICLIGHTMAP_OFF VERTEXLIGHT_ON _DETAIL_MULX2 ok=1
Cmd: compileSnippet
  api=5 type=0 insize=886 outsize=8385 kw=DIRECTIONAL SHADOWS_OFF LIGHTMAP_OFF DIRLIGHTMAP_OFF DYNAMICLIGHTMAP_OFF VERTEXLIGHT_ON _DETAIL_MULX2 _EMISSION ok=1
Cmd: compileSnippet
  api=9 type=0 insize=886 outsize=7709 kw=DIRECTIONAL SHADOWS_SCREEN SHADOWS_NATIVE LIGHTMAP_OFF DIRLIGHTMAP_OFF DYNAMICLIGHTMAP_OFF _DETAIL_MULX2 _EMISSION ok=1
Cmd: compileSnippet
  api=5 type=1 insize=886 outsize=6 kw=DIRECTIONAL SHADOWS_OFF LIGHTMAP_OFF DIRLIGHTMAP_OFF DYNAMICLIGHTMAP_OFF _DETAIL_MULX2 ok=1
Cmd: compileSnippet
  api=9 type=1 insize=886 outsize=7 kw=DIRECTIONAL SHADOWS_SCREEN SHADOWS_NATIVE LIGHTMAP_OFF DIRLIGHTMAP_OFF DYNAMICLIGHTMAP_OFF _DETAIL_MULX2 ok=1
Cmd: compileSnippet
  api=5 type=1 insize=886 outsize=6 kw=DIRECTIONAL SHADOWS_SCREEN SHADOWS_NATIVE LIGHTMAP_OFF DIRLIGHTMAP_OFF DYNAMICLIGHTMAP_OFF _DETAIL_MULX2 _EMISSION ok=1
Cmd: compileSnippet
  api=5 type=0 insize=816 outsize=6964 kw=POINT SHADOWS_OFF _DETAIL_MULX2 ok=1
Cmd: compileSnippet
  api=9 type=0 insize=816 outsize=7136 kw=SPOT SHADOWS_OFF _DETAIL_MULX2 ok=1
Cmd: compileSnippet
  api=9 type=0 insize=816 outsize=6707 kw=DIRECTIONAL_COOKIE SHADOWS_OFF _DETAIL_MULX2 ok=1
Cmd: compileSnippet
  api=5 type=0 insize=816 outsize=7020 kw=DIRECTIONAL SHADOWS_SCREEN _DETAIL_MULX2 ok=1
Cmd: compileSnippet
  api=5 type=0 insize=816 outsize=8074 kw=POINT_COOKIE SHADOWS_CUBE _DETAIL_MULX2 ok=1
Cmd: compileSnippet
  api=5 type=0 insize=816 outsize=7469 kw=DIRECTIONAL_COOKIE SHADOWS_SCREEN SHADOWS_NATIVE _DETAIL_MULX2 ok=1
Cmd: compileSnippet
  api=5 type=1 insize=816 outsize=6 kw=POINT SHADOWS_OFF _DETAIL_MULX2 ok=1
Cmd: compileSnippet
  api=5 type=1 insize=816 outsize=6 kw=SPOT SHADOWS_OFF _DETAIL_MULX2 ok=1
Cmd: compileSnippet
  api=5 type=1 insize=816 outsize=6 kw=DIRECTIONAL_COOKIE SHADOWS_OFF _DETAIL_MULX2 ok=1
Cmd: compileSnippet
  api=5 type=1 insize=816 outsize=6 kw=SPOT SHADOWS_DEPTH SHADOWS_NONATIVE _DETAIL_MULX2 ok=1
Cmd: compileSnippet
  api=5 type=1 insize=816 outsize=6 kw=POINT SHADOWS_CUBE _DETAIL_MULX2 ok=1
Cmd: compileSnippet
  api=9 type=1 insize=816 outsize=7 kw=DIRECTIONAL SHADOWS_SCREEN SHADOWS_NATIVE _DETAIL_MULX2 ok=1
Unhandled exception: Readfile from pipe failed. GLE=De pipe is beëindigd.


Quitting shader compiler process

Crashed!
